<?xml version="1.0" encoding="UTF-8"?>
<!-- Generated by org.testng.reporters.JUnitReportReporter -->
<testsuite hostname="DESKTOP-TU9C0RJ" failures="0" tests="1" name="runner.RunTests" time="28.899" errors="0" timestamp="2021-02-02T10:15:34 IST" skipped="0">
  <testcase classname="runner.RunTests" name="feature" time="28.899"/>
  <system-out/>
</testsuite> <!-- runner.RunTests -->
