<?xml version="1.0" encoding="UTF-8"?>
<!-- Generated by org.testng.reporters.JUnitReportReporter -->
<testsuite hostname="DESKTOP-TU9C0RJ" failures="0" tests="1" name="org.appiumcucumber.AppTest" time="0.008" errors="0" timestamp="2021-02-02T10:15:34 IST" skipped="0">
  <testcase classname="org.appiumcucumber.AppTest" name="shouldAnswerWithTrue" time="0.008"/>
  <system-out/>
</testsuite> <!-- org.appiumcucumber.AppTest -->
